2025-04-21 15:20:07,769 - INFO - Using device: cuda
2025-04-21 15:20:07,770 - INFO - Set random seeds to 42
2025-04-21 15:20:07,785 - INFO - Saved training feature mean baseline to /home/wallacelab/investigating-complexity/output/new/run_20250421_152007/train_feature_mean.pt
2025-04-21 15:20:07,801 - INFO - Using AttnPool instead of Mean Pooling.
2025-04-21 15:20:09,305 - INFO - Starting training with validation...
2025-04-21 15:20:09,719 - INFO - Epoch [1/100], Train Loss: 0.0495, Val Loss: 0.0456, Val SRCC: 0.4444, Val PCC: 0.4454, Val RMSE: 0.2135, Val RMAE: 0.4241
2025-04-21 15:20:09,819 - INFO - Epoch [2/100], Train Loss: 0.0441, Val Loss: 0.0511, Val SRCC: 0.2531, Val PCC: 0.2090, Val RMSE: 0.2260, Val RMAE: 0.4374
2025-04-21 15:20:09,919 - INFO - Epoch [3/100], Train Loss: 0.0432, Val Loss: 0.0444, Val SRCC: 0.2472, Val PCC: 0.2256, Val RMSE: 0.2108, Val RMAE: 0.4180
2025-04-21 15:20:10,005 - INFO - Epoch [4/100], Train Loss: 0.0411, Val Loss: 0.0447, Val SRCC: 0.5166, Val PCC: 0.4254, Val RMSE: 0.2114, Val RMAE: 0.4183
2025-04-21 15:20:10,099 - INFO - Epoch [5/100], Train Loss: 0.0376, Val Loss: 0.0370, Val SRCC: 0.5269, Val PCC: 0.5279, Val RMSE: 0.1924, Val RMAE: 0.4009
2025-04-21 15:20:10,199 - INFO - Epoch [6/100], Train Loss: 0.0321, Val Loss: 0.0401, Val SRCC: 0.5327, Val PCC: 0.4679, Val RMSE: 0.2003, Val RMAE: 0.3996
2025-04-21 15:20:10,298 - INFO - Epoch [7/100], Train Loss: 0.0299, Val Loss: 0.0416, Val SRCC: 0.5769, Val PCC: 0.4607, Val RMSE: 0.2039, Val RMAE: 0.4022
2025-04-21 15:20:10,394 - INFO - Epoch [8/100], Train Loss: 0.0306, Val Loss: 0.0285, Val SRCC: 0.6196, Val PCC: 0.6237, Val RMSE: 0.1687, Val RMAE: 0.3740
2025-04-21 15:20:10,496 - INFO - Epoch [9/100], Train Loss: 0.0248, Val Loss: 0.0264, Val SRCC: 0.6181, Val PCC: 0.6765, Val RMSE: 0.1624, Val RMAE: 0.3696
2025-04-21 15:20:10,595 - INFO - Epoch [10/100], Train Loss: 0.0218, Val Loss: 0.0344, Val SRCC: 0.5828, Val PCC: 0.5280, Val RMSE: 0.1855, Val RMAE: 0.3900
2025-04-21 15:20:10,696 - INFO - Epoch [11/100], Train Loss: 0.0227, Val Loss: 0.0517, Val SRCC: 0.5798, Val PCC: 0.4413, Val RMSE: 0.2273, Val RMAE: 0.4372
2025-04-21 15:20:10,755 - INFO - Epoch [12/100], Train Loss: 0.0258, Val Loss: 0.0357, Val SRCC: 0.6210, Val PCC: 0.5421, Val RMSE: 0.1890, Val RMAE: 0.4030
2025-04-21 15:20:10,799 - INFO - Epoch [13/100], Train Loss: 0.0179, Val Loss: 0.0315, Val SRCC: 0.6799, Val PCC: 0.6356, Val RMSE: 0.1775, Val RMAE: 0.3759
2025-04-21 15:20:10,843 - INFO - Epoch [14/100], Train Loss: 0.0191, Val Loss: 0.0351, Val SRCC: 0.6049, Val PCC: 0.5168, Val RMSE: 0.1872, Val RMAE: 0.3889
2025-04-21 15:20:10,913 - INFO - Epoch [15/100], Train Loss: 0.0167, Val Loss: 0.0348, Val SRCC: 0.5990, Val PCC: 0.5229, Val RMSE: 0.1865, Val RMAE: 0.3960
2025-04-21 15:20:11,010 - INFO - Epoch [16/100], Train Loss: 0.0161, Val Loss: 0.0482, Val SRCC: 0.5063, Val PCC: 0.3473, Val RMSE: 0.2195, Val RMAE: 0.4298
2025-04-21 15:20:11,105 - INFO - Epoch [17/100], Train Loss: 0.0171, Val Loss: 0.0407, Val SRCC: 0.5578, Val PCC: 0.4044, Val RMSE: 0.2018, Val RMAE: 0.4126
2025-04-21 15:20:11,194 - INFO - Epoch [18/100], Train Loss: 0.0151, Val Loss: 0.0325, Val SRCC: 0.6799, Val PCC: 0.5713, Val RMSE: 0.1803, Val RMAE: 0.3886
2025-04-21 15:20:11,293 - INFO - Epoch [19/100], Train Loss: 0.0134, Val Loss: 0.0362, Val SRCC: 0.6475, Val PCC: 0.5112, Val RMSE: 0.1903, Val RMAE: 0.3962
2025-04-21 15:20:11,348 - INFO - Epoch [20/100], Train Loss: 0.0127, Val Loss: 0.0399, Val SRCC: 0.6372, Val PCC: 0.4512, Val RMSE: 0.1996, Val RMAE: 0.4130
2025-04-21 15:20:11,429 - INFO - Epoch [21/100], Train Loss: 0.0123, Val Loss: 0.0351, Val SRCC: 0.6358, Val PCC: 0.5198, Val RMSE: 0.1874, Val RMAE: 0.3972
2025-04-21 15:20:11,529 - INFO - Epoch [22/100], Train Loss: 0.0103, Val Loss: 0.0308, Val SRCC: 0.6711, Val PCC: 0.5903, Val RMSE: 0.1756, Val RMAE: 0.3914
2025-04-21 15:20:11,626 - INFO - Epoch [23/100], Train Loss: 0.0100, Val Loss: 0.0401, Val SRCC: 0.5916, Val PCC: 0.4722, Val RMSE: 0.2002, Val RMAE: 0.4038
2025-04-21 15:20:11,725 - INFO - Epoch [24/100], Train Loss: 0.0109, Val Loss: 0.0334, Val SRCC: 0.6623, Val PCC: 0.5516, Val RMSE: 0.1827, Val RMAE: 0.3938
2025-04-21 15:20:11,821 - INFO - Epoch [25/100], Train Loss: 0.0095, Val Loss: 0.0414, Val SRCC: 0.6402, Val PCC: 0.4773, Val RMSE: 0.2034, Val RMAE: 0.4136
2025-04-21 15:20:11,922 - INFO - Epoch [26/100], Train Loss: 0.0093, Val Loss: 0.0339, Val SRCC: 0.6696, Val PCC: 0.5619, Val RMSE: 0.1842, Val RMAE: 0.3933
2025-04-21 15:20:12,030 - INFO - Epoch [27/100], Train Loss: 0.0090, Val Loss: 0.0371, Val SRCC: 0.6549, Val PCC: 0.5006, Val RMSE: 0.1925, Val RMAE: 0.4028
2025-04-21 15:20:12,132 - INFO - Epoch [28/100], Train Loss: 0.0095, Val Loss: 0.0384, Val SRCC: 0.5872, Val PCC: 0.4683, Val RMSE: 0.1960, Val RMAE: 0.3945
2025-04-21 15:20:12,239 - INFO - Epoch [29/100], Train Loss: 0.0111, Val Loss: 0.0364, Val SRCC: 0.6593, Val PCC: 0.5197, Val RMSE: 0.1908, Val RMAE: 0.3893
2025-04-21 15:20:12,342 - INFO - Epoch [30/100], Train Loss: 0.0093, Val Loss: 0.0304, Val SRCC: 0.6873, Val PCC: 0.6131, Val RMSE: 0.1743, Val RMAE: 0.3726
2025-04-21 15:20:12,446 - INFO - Epoch [31/100], Train Loss: 0.0093, Val Loss: 0.0343, Val SRCC: 0.6799, Val PCC: 0.5452, Val RMSE: 0.1851, Val RMAE: 0.3871
2025-04-21 15:20:12,537 - INFO - Epoch [32/100], Train Loss: 0.0071, Val Loss: 0.0340, Val SRCC: 0.6696, Val PCC: 0.5514, Val RMSE: 0.1845, Val RMAE: 0.3876
2025-04-21 15:20:12,644 - INFO - Epoch [33/100], Train Loss: 0.0077, Val Loss: 0.0375, Val SRCC: 0.6711, Val PCC: 0.5153, Val RMSE: 0.1935, Val RMAE: 0.3961
2025-04-21 15:20:12,753 - INFO - Epoch [34/100], Train Loss: 0.0067, Val Loss: 0.0445, Val SRCC: 0.5975, Val PCC: 0.4209, Val RMSE: 0.2109, Val RMAE: 0.4114
2025-04-21 15:20:12,862 - INFO - Epoch [35/100], Train Loss: 0.0066, Val Loss: 0.0357, Val SRCC: 0.5990, Val PCC: 0.5337, Val RMSE: 0.1890, Val RMAE: 0.3954
2025-04-21 15:20:12,977 - INFO - Epoch [36/100], Train Loss: 0.0059, Val Loss: 0.0288, Val SRCC: 0.6961, Val PCC: 0.6354, Val RMSE: 0.1698, Val RMAE: 0.3671
2025-04-21 15:20:13,089 - INFO - Epoch [37/100], Train Loss: 0.0065, Val Loss: 0.0318, Val SRCC: 0.6461, Val PCC: 0.5934, Val RMSE: 0.1783, Val RMAE: 0.3761
2025-04-21 15:20:13,196 - INFO - Epoch [38/100], Train Loss: 0.0060, Val Loss: 0.0332, Val SRCC: 0.6505, Val PCC: 0.5697, Val RMSE: 0.1822, Val RMAE: 0.3814
2025-04-21 15:20:13,244 - INFO - Epoch [39/100], Train Loss: 0.0057, Val Loss: 0.0365, Val SRCC: 0.6505, Val PCC: 0.5295, Val RMSE: 0.1911, Val RMAE: 0.3924
2025-04-21 15:20:13,289 - INFO - Epoch [40/100], Train Loss: 0.0052, Val Loss: 0.0345, Val SRCC: 0.6711, Val PCC: 0.5792, Val RMSE: 0.1857, Val RMAE: 0.3825
2025-04-21 15:20:13,348 - INFO - Epoch [41/100], Train Loss: 0.0047, Val Loss: 0.0378, Val SRCC: 0.6107, Val PCC: 0.5058, Val RMSE: 0.1945, Val RMAE: 0.3984
2025-04-21 15:20:13,416 - INFO - Epoch [42/100], Train Loss: 0.0046, Val Loss: 0.0329, Val SRCC: 0.6196, Val PCC: 0.6046, Val RMSE: 0.1814, Val RMAE: 0.3717
2025-04-21 15:20:13,495 - INFO - Epoch [43/100], Train Loss: 0.0040, Val Loss: 0.0279, Val SRCC: 0.7079, Val PCC: 0.6418, Val RMSE: 0.1669, Val RMAE: 0.3674
2025-04-21 15:20:13,581 - INFO - Epoch [44/100], Train Loss: 0.0045, Val Loss: 0.0337, Val SRCC: 0.6652, Val PCC: 0.5781, Val RMSE: 0.1835, Val RMAE: 0.3729
2025-04-21 15:20:13,688 - INFO - Epoch [45/100], Train Loss: 0.0066, Val Loss: 0.0350, Val SRCC: 0.6505, Val PCC: 0.5581, Val RMSE: 0.1870, Val RMAE: 0.3939
2025-04-21 15:20:13,796 - INFO - Epoch [46/100], Train Loss: 0.0062, Val Loss: 0.0331, Val SRCC: 0.6564, Val PCC: 0.5788, Val RMSE: 0.1819, Val RMAE: 0.3845
2025-04-21 15:20:13,886 - INFO - Epoch [47/100], Train Loss: 0.0059, Val Loss: 0.0360, Val SRCC: 0.6416, Val PCC: 0.5756, Val RMSE: 0.1898, Val RMAE: 0.3917
2025-04-21 15:20:13,965 - INFO - Epoch [48/100], Train Loss: 0.0051, Val Loss: 0.0373, Val SRCC: 0.6637, Val PCC: 0.5362, Val RMSE: 0.1931, Val RMAE: 0.4023
2025-04-21 15:20:14,059 - INFO - Epoch [49/100], Train Loss: 0.0058, Val Loss: 0.0328, Val SRCC: 0.6696, Val PCC: 0.5824, Val RMSE: 0.1812, Val RMAE: 0.3812
2025-04-21 15:20:14,165 - INFO - Epoch [50/100], Train Loss: 0.0043, Val Loss: 0.0294, Val SRCC: 0.7314, Val PCC: 0.6413, Val RMSE: 0.1715, Val RMAE: 0.3718
2025-04-21 15:20:14,275 - INFO - Epoch [51/100], Train Loss: 0.0049, Val Loss: 0.0422, Val SRCC: 0.5342, Val PCC: 0.5033, Val RMSE: 0.2055, Val RMAE: 0.3973
2025-04-21 15:20:14,394 - INFO - Epoch [52/100], Train Loss: 0.0041, Val Loss: 0.0317, Val SRCC: 0.6269, Val PCC: 0.6201, Val RMSE: 0.1781, Val RMAE: 0.3806
2025-04-21 15:20:14,496 - INFO - Epoch [53/100], Train Loss: 0.0050, Val Loss: 0.0295, Val SRCC: 0.6475, Val PCC: 0.6621, Val RMSE: 0.1716, Val RMAE: 0.3608
2025-04-21 15:20:14,599 - INFO - Epoch [54/100], Train Loss: 0.0057, Val Loss: 0.0314, Val SRCC: 0.7049, Val PCC: 0.6692, Val RMSE: 0.1771, Val RMAE: 0.3766
2025-04-21 15:20:14,704 - INFO - Epoch [55/100], Train Loss: 0.0079, Val Loss: 0.0306, Val SRCC: 0.6814, Val PCC: 0.6395, Val RMSE: 0.1750, Val RMAE: 0.3715
2025-04-21 15:20:14,820 - INFO - Epoch [56/100], Train Loss: 0.0066, Val Loss: 0.0312, Val SRCC: 0.6431, Val PCC: 0.6269, Val RMSE: 0.1768, Val RMAE: 0.3696
2025-04-21 15:20:14,924 - INFO - Epoch [57/100], Train Loss: 0.0053, Val Loss: 0.0338, Val SRCC: 0.6520, Val PCC: 0.5988, Val RMSE: 0.1838, Val RMAE: 0.3698
2025-04-21 15:20:15,033 - INFO - Epoch [58/100], Train Loss: 0.0041, Val Loss: 0.0372, Val SRCC: 0.6358, Val PCC: 0.5312, Val RMSE: 0.1929, Val RMAE: 0.3861
2025-04-21 15:20:15,123 - INFO - Epoch [59/100], Train Loss: 0.0040, Val Loss: 0.0373, Val SRCC: 0.6784, Val PCC: 0.5626, Val RMSE: 0.1931, Val RMAE: 0.3924
2025-04-21 15:20:15,234 - INFO - Epoch [60/100], Train Loss: 0.0033, Val Loss: 0.0346, Val SRCC: 0.7049, Val PCC: 0.5765, Val RMSE: 0.1861, Val RMAE: 0.3929
2025-04-21 15:20:15,338 - INFO - Epoch [61/100], Train Loss: 0.0032, Val Loss: 0.0328, Val SRCC: 0.6387, Val PCC: 0.6034, Val RMSE: 0.1810, Val RMAE: 0.3780
2025-04-21 15:20:15,449 - INFO - Epoch [62/100], Train Loss: 0.0034, Val Loss: 0.0384, Val SRCC: 0.6137, Val PCC: 0.5485, Val RMSE: 0.1960, Val RMAE: 0.3935
2025-04-21 15:20:15,554 - INFO - Epoch [63/100], Train Loss: 0.0031, Val Loss: 0.0336, Val SRCC: 0.6255, Val PCC: 0.5779, Val RMSE: 0.1834, Val RMAE: 0.3855
2025-04-21 15:20:15,666 - INFO - Epoch [64/100], Train Loss: 0.0031, Val Loss: 0.0308, Val SRCC: 0.6902, Val PCC: 0.6297, Val RMSE: 0.1756, Val RMAE: 0.3700
2025-04-21 15:20:15,775 - INFO - Epoch [65/100], Train Loss: 0.0026, Val Loss: 0.0335, Val SRCC: 0.6667, Val PCC: 0.6120, Val RMSE: 0.1831, Val RMAE: 0.3707
2025-04-21 15:20:15,845 - INFO - Epoch [66/100], Train Loss: 0.0038, Val Loss: 0.0314, Val SRCC: 0.6843, Val PCC: 0.6310, Val RMSE: 0.1773, Val RMAE: 0.3740
2025-04-21 15:20:15,904 - INFO - Epoch [67/100], Train Loss: 0.0027, Val Loss: 0.0345, Val SRCC: 0.6490, Val PCC: 0.5910, Val RMSE: 0.1857, Val RMAE: 0.3871
2025-04-21 15:20:15,980 - INFO - Epoch [68/100], Train Loss: 0.0035, Val Loss: 0.0352, Val SRCC: 0.6990, Val PCC: 0.5757, Val RMSE: 0.1877, Val RMAE: 0.3860
2025-04-21 15:20:16,057 - INFO - Epoch [69/100], Train Loss: 0.0024, Val Loss: 0.0403, Val SRCC: 0.6166, Val PCC: 0.5053, Val RMSE: 0.2007, Val RMAE: 0.4098
2025-04-21 15:20:16,153 - INFO - Epoch [70/100], Train Loss: 0.0033, Val Loss: 0.0329, Val SRCC: 0.6534, Val PCC: 0.5984, Val RMSE: 0.1813, Val RMAE: 0.3831
2025-04-21 15:20:16,254 - INFO - Epoch [71/100], Train Loss: 0.0029, Val Loss: 0.0348, Val SRCC: 0.6534, Val PCC: 0.5922, Val RMSE: 0.1867, Val RMAE: 0.3859
2025-04-21 15:20:16,364 - INFO - Epoch [72/100], Train Loss: 0.0022, Val Loss: 0.0391, Val SRCC: 0.6122, Val PCC: 0.5367, Val RMSE: 0.1978, Val RMAE: 0.3963
2025-04-21 15:20:16,449 - INFO - Epoch [73/100], Train Loss: 0.0028, Val Loss: 0.0384, Val SRCC: 0.6681, Val PCC: 0.5465, Val RMSE: 0.1960, Val RMAE: 0.3984
2025-04-21 15:20:16,529 - INFO - Epoch [74/100], Train Loss: 0.0040, Val Loss: 0.0354, Val SRCC: 0.6520, Val PCC: 0.5915, Val RMSE: 0.1882, Val RMAE: 0.3880
2025-04-21 15:20:16,638 - INFO - Epoch [75/100], Train Loss: 0.0029, Val Loss: 0.0330, Val SRCC: 0.6549, Val PCC: 0.6199, Val RMSE: 0.1818, Val RMAE: 0.3771
2025-04-21 15:20:16,739 - INFO - Epoch [76/100], Train Loss: 0.0026, Val Loss: 0.0394, Val SRCC: 0.6255, Val PCC: 0.5099, Val RMSE: 0.1984, Val RMAE: 0.4057
2025-04-21 15:20:16,841 - INFO - Epoch [77/100], Train Loss: 0.0037, Val Loss: 0.0389, Val SRCC: 0.5901, Val PCC: 0.5530, Val RMSE: 0.1972, Val RMAE: 0.3961
2025-04-21 15:20:16,952 - INFO - Epoch [78/100], Train Loss: 0.0036, Val Loss: 0.0335, Val SRCC: 0.7152, Val PCC: 0.5918, Val RMSE: 0.1831, Val RMAE: 0.3811
2025-04-21 15:20:17,054 - INFO - Epoch [79/100], Train Loss: 0.0040, Val Loss: 0.0361, Val SRCC: 0.6093, Val PCC: 0.5912, Val RMSE: 0.1901, Val RMAE: 0.3896
2025-04-21 15:20:17,165 - INFO - Epoch [80/100], Train Loss: 0.0037, Val Loss: 0.0363, Val SRCC: 0.6225, Val PCC: 0.5877, Val RMSE: 0.1906, Val RMAE: 0.3861
2025-04-21 15:20:17,275 - INFO - Epoch [81/100], Train Loss: 0.0025, Val Loss: 0.0342, Val SRCC: 0.6093, Val PCC: 0.6223, Val RMSE: 0.1848, Val RMAE: 0.3836
2025-04-21 15:20:17,375 - INFO - Epoch [82/100], Train Loss: 0.0033, Val Loss: 0.0351, Val SRCC: 0.6608, Val PCC: 0.5863, Val RMSE: 0.1873, Val RMAE: 0.3903
2025-04-21 15:20:17,479 - INFO - Epoch [83/100], Train Loss: 0.0032, Val Loss: 0.0385, Val SRCC: 0.6152, Val PCC: 0.5704, Val RMSE: 0.1961, Val RMAE: 0.3977
2025-04-21 15:20:17,581 - INFO - Epoch [84/100], Train Loss: 0.0032, Val Loss: 0.0333, Val SRCC: 0.6137, Val PCC: 0.5806, Val RMSE: 0.1824, Val RMAE: 0.3833
2025-04-21 15:20:17,673 - INFO - Epoch [85/100], Train Loss: 0.0034, Val Loss: 0.0342, Val SRCC: 0.6431, Val PCC: 0.5914, Val RMSE: 0.1849, Val RMAE: 0.3790
2025-04-21 15:20:17,787 - INFO - Epoch [86/100], Train Loss: 0.0021, Val Loss: 0.0355, Val SRCC: 0.6358, Val PCC: 0.5811, Val RMSE: 0.1884, Val RMAE: 0.3893
2025-04-21 15:20:17,893 - INFO - Epoch [87/100], Train Loss: 0.0028, Val Loss: 0.0352, Val SRCC: 0.6299, Val PCC: 0.5893, Val RMSE: 0.1876, Val RMAE: 0.3800
2025-04-21 15:20:18,003 - INFO - Epoch [88/100], Train Loss: 0.0036, Val Loss: 0.0331, Val SRCC: 0.6696, Val PCC: 0.6189, Val RMSE: 0.1820, Val RMAE: 0.3575
2025-04-21 15:20:18,120 - INFO - Epoch [89/100], Train Loss: 0.0023, Val Loss: 0.0356, Val SRCC: 0.6122, Val PCC: 0.5835, Val RMSE: 0.1887, Val RMAE: 0.3900
2025-04-21 15:20:18,231 - INFO - Epoch [90/100], Train Loss: 0.0021, Val Loss: 0.0388, Val SRCC: 0.6093, Val PCC: 0.5582, Val RMSE: 0.1970, Val RMAE: 0.4007
2025-04-21 15:20:18,343 - INFO - Epoch [91/100], Train Loss: 0.0017, Val Loss: 0.0406, Val SRCC: 0.5857, Val PCC: 0.5254, Val RMSE: 0.2014, Val RMAE: 0.4022
2025-04-21 15:20:18,408 - INFO - Epoch [92/100], Train Loss: 0.0020, Val Loss: 0.0370, Val SRCC: 0.5931, Val PCC: 0.5559, Val RMSE: 0.1924, Val RMAE: 0.3906
2025-04-21 15:20:18,465 - INFO - Epoch [93/100], Train Loss: 0.0018, Val Loss: 0.0351, Val SRCC: 0.6549, Val PCC: 0.5844, Val RMSE: 0.1872, Val RMAE: 0.3846
2025-04-21 15:20:18,539 - INFO - Epoch [94/100], Train Loss: 0.0018, Val Loss: 0.0352, Val SRCC: 0.6269, Val PCC: 0.5804, Val RMSE: 0.1876, Val RMAE: 0.3913
2025-04-21 15:20:18,608 - INFO - Epoch [95/100], Train Loss: 0.0019, Val Loss: 0.0338, Val SRCC: 0.6755, Val PCC: 0.6003, Val RMSE: 0.1840, Val RMAE: 0.3814
2025-04-21 15:20:18,671 - INFO - Epoch [96/100], Train Loss: 0.0022, Val Loss: 0.0337, Val SRCC: 0.6166, Val PCC: 0.6060, Val RMSE: 0.1836, Val RMAE: 0.3912
2025-04-21 15:20:18,762 - INFO - Epoch [97/100], Train Loss: 0.0018, Val Loss: 0.0331, Val SRCC: 0.6387, Val PCC: 0.5897, Val RMSE: 0.1820, Val RMAE: 0.3881
2025-04-21 15:20:18,866 - INFO - Epoch [98/100], Train Loss: 0.0023, Val Loss: 0.0350, Val SRCC: 0.6446, Val PCC: 0.5976, Val RMSE: 0.1872, Val RMAE: 0.3880
2025-04-21 15:20:18,967 - INFO - Epoch [99/100], Train Loss: 0.0017, Val Loss: 0.0331, Val SRCC: 0.6269, Val PCC: 0.5904, Val RMSE: 0.1821, Val RMAE: 0.3863
2025-04-21 15:20:19,029 - INFO - Epoch [100/100], Train Loss: 0.0016, Val Loss: 0.0361, Val SRCC: 0.6313, Val PCC: 0.5772, Val RMSE: 0.1900, Val RMAE: 0.3872
2025-04-21 15:20:19,029 - INFO - Training finished.
2025-04-21 15:20:19,169 - INFO - Loss curve saved to /home/wallacelab/investigating-complexity/output/new/run_20250421_152007/training_loss_curve.png
2025-04-21 15:20:19,283 - INFO - Spearman correlation curve saved to /home/wallacelab/investigating-complexity/output/new/run_20250421_152007/spearman_correlation_curve.png
2025-04-21 15:20:19,284 - INFO - Starting final evaluation on test set...
2025-04-21 15:20:19,299 - INFO - Test Loss (MSE): 0.0263
2025-04-21 15:20:19,299 - INFO - Test MAE: 0.1330
2025-04-21 15:20:19,299 - INFO - Test RMSE: 0.1621
2025-04-21 15:20:19,299 - INFO - Test RMAE: 0.3647
2025-04-21 15:20:19,299 - INFO - Test SRCC: 0.7045
2025-04-21 15:20:19,299 - INFO - Test PCC: 0.7148
2025-04-21 15:20:19,309 - INFO - Evaluation finished.
2025-04-21 15:20:19,463 - INFO - Prediction scatter plot saved to /home/wallacelab/investigating-complexity/output/new/run_20250421_152007/test_predictions_scatter.png
2025-04-21 15:20:19,467 - INFO - Model state saved to /home/wallacelab/investigating-complexity/output/new/run_20250421_152007/transformer_predictor_state.pth
2025-04-21 15:20:19,467 - INFO - Training script finished.
